C:\USERS\OZAN\DESKTOP\FRUITS\HW2\DEBUG\HW2.EXE
C:\USERS\OZAN\DESKTOP\FRUITS\HW2\DEBUG\HW2.ILK
C:\USERS\OZAN\DESKTOP\FRUITS\HW2\DEBUG\HW2.PDB
C:\USERS\OZAN\DESKTOP\FRUITS\HW2\HW2\DEBUG\HW2.EXE.INTERMEDIATE.MANIFEST
C:\USERS\OZAN\DESKTOP\FRUITS\HW2\HW2\DEBUG\MAIN.OBJ
C:\USERS\OZAN\DESKTOP\FRUITS\HW2\HW2\DEBUG\VC100.PDB
C:\Users\ozan\Desktop\Fruits\HW2\Debug\HW2.exe
C:\Users\ozan\Desktop\Fruits\HW2\Debug\HW2.ilk
C:\Users\ozan\Desktop\Fruits\HW2\Debug\HW2.pdb
C:\Users\ozan\Desktop\Fruits\HW2\HW2\Debug\cl.command.1.tlog
C:\Users\ozan\Desktop\Fruits\HW2\HW2\Debug\CL.read.1.tlog
C:\Users\ozan\Desktop\Fruits\HW2\HW2\Debug\CL.write.1.tlog
C:\Users\ozan\Desktop\Fruits\HW2\HW2\Debug\HW2.exe.intermediate.manifest
C:\Users\ozan\Desktop\Fruits\HW2\HW2\Debug\link.command.1.tlog
C:\Users\ozan\Desktop\Fruits\HW2\HW2\Debug\link.read.1.tlog
C:\Users\ozan\Desktop\Fruits\HW2\HW2\Debug\link.write.1.tlog
C:\Users\ozan\Desktop\Fruits\HW2\HW2\Debug\mt.command.1.tlog
C:\Users\ozan\Desktop\Fruits\HW2\HW2\Debug\mt.read.1.tlog
C:\Users\ozan\Desktop\Fruits\HW2\HW2\Debug\mt.write.1.tlog
C:\Users\ozan\Desktop\Fruits\HW2\HW2\Debug\vc100.idb
C:\Users\ozan\Desktop\Fruits\HW2\HW2\Debug\vc100.pdb
