Build started 21.03.2013 23:59:31.
     1>Project "C:\Users\ozan\Desktop\Fruits\HW2\HW2\HW2.vcxproj" on node 2 (build target(s)).
     1>InitializeBuildStatus:
         Creating "Debug\HW2.unsuccessfulbuild" because "AlwaysCreate" was specified.
       ClCompile:
         D:\Program Files (x86)\Microsoft Visual Studio 10.0\VC\bin\CL.exe /c /ZI /nologo /W3 /WX- /Od /Oy- /D _MBCS /Gm /EHsc /RTC1 /MDd /GS /fp:precise /Zc:wchar_t /Zc:forScope /Fo"Debug\\" /Fd"Debug\vc100.pdb" /Gd /TP /analyze- /errorReport:prompt main.cpp
         main.cpp
     1>c:\users\ozan\desktop\fruits\hw2\hw2\main.cpp(103): warning C4996: 'strcpy': This function or variable may be unsafe. Consider using strcpy_s instead. To disable deprecation, use _CRT_SECURE_NO_WARNINGS. See online help for details.
                 d:\program files (x86)\microsoft visual studio 10.0\vc\include\string.h(105) : see declaration of 'strcpy'
       Link:
         D:\Program Files (x86)\Microsoft Visual Studio 10.0\VC\bin\link.exe /ERRORREPORT:PROMPT /OUT:"C:\Users\ozan\Desktop\Fruits\HW2\Debug\HW2.exe" /NOLOGO kernel32.lib user32.lib gdi32.lib winspool.lib comdlg32.lib advapi32.lib shell32.lib ole32.lib oleaut32.lib uuid.lib odbc32.lib odbccp32.lib /MANIFEST /ManifestFile:"Debug\HW2.exe.intermediate.manifest" /MANIFESTUAC:"level='asInvoker' uiAccess='false'" /DEBUG /PDB:"C:\Users\ozan\Desktop\Fruits\HW2\Debug\HW2.pdb" /TLBID:1 /DYNAMICBASE /NXCOMPAT /IMPLIB:"C:\Users\ozan\Desktop\Fruits\HW2\Debug\HW2.lib" /MACHINE:X86 Debug\main.obj
         LINK : C:\Users\ozan\Desktop\Fruits\HW2\Debug\HW2.exe not found or not built by the last incremental link; performing full link
         HW2.vcxproj -> C:\Users\ozan\Desktop\Fruits\HW2\Debug\HW2.exe
       Manifest:
         C:\Program Files (x86)\Microsoft SDKs\Windows\v7.0A\bin\mt.exe /nologo /verbose /outputresource:"C:\Users\ozan\Desktop\Fruits\HW2\Debug\HW2.exe;#1" /manifest Debug\HW2.exe.intermediate.manifest
       FinalizeBuildStatus:
         Deleting file "Debug\HW2.unsuccessfulbuild".
         Touching "Debug\HW2.lastbuildstate".
     1>Done Building Project "C:\Users\ozan\Desktop\Fruits\HW2\HW2\HW2.vcxproj" (build target(s)).

Build succeeded.

Time Elapsed 00:00:01.16
